c:\users\tomha\dropbox\programming for entertainment systems\soft351 - assignment02\release\soft351 wii plane.pch
c:\users\tomha\dropbox\programming for entertainment systems\soft351 - assignment02\release\vc140.pdb
c:\users\tomha\dropbox\programming for entertainment systems\soft351 - assignment02\release\dxut.obj
c:\users\tomha\dropbox\programming for entertainment systems\soft351 - assignment02\release\main.obj
c:\users\tomha\dropbox\programming for entertainment systems\soft351 - assignment02\release\thing.obj
c:\users\tomha\dropbox\programming for entertainment systems\soft351 - assignment02\release\objloader.obj
c:\users\tomha\dropbox\programming for entertainment systems\soft351 - assignment02\release\sdkwavefile.obj
c:\users\tomha\dropbox\programming for entertainment systems\soft351 - assignment02\release\sdkmisc.obj
c:\users\tomha\dropbox\programming for entertainment systems\soft351 - assignment02\release\sdkmesh.obj
c:\users\tomha\dropbox\programming for entertainment systems\soft351 - assignment02\release\dxutsettingsdlg.obj
c:\users\tomha\dropbox\programming for entertainment systems\soft351 - assignment02\release\dxutres.obj
c:\users\tomha\dropbox\programming for entertainment systems\soft351 - assignment02\release\dxutgui.obj
c:\users\tomha\dropbox\programming for entertainment systems\soft351 - assignment02\release\dxutcamera.obj
c:\users\tomha\dropbox\programming for entertainment systems\soft351 - assignment02\release\dxutmisc.obj
c:\users\tomha\dropbox\programming for entertainment systems\soft351 - assignment02\release\dxutdevice9.obj
c:\users\tomha\dropbox\programming for entertainment systems\soft351 - assignment02\release\dxutdevice11.obj
c:\users\tomha\dropbox\programming for entertainment systems\soft351 - assignment02\release\wiimoteinfo.obj
c:\users\tomha\dropbox\programming for entertainment systems\soft351 - assignment02\release\vertexandpixelshaders.obj
c:\users\tomha\dropbox\programming for entertainment systems\soft351 - assignment02\release\connecttonetwork.obj
c:\users\tomha\dropbox\programming for entertainment systems\soft351 - assignment02\release\meshloader.obj
c:\users\tomha\dropbox\programming for entertainment systems\soft351 - assignment02\release\constantbufferandsampler.obj
c:\users\tomha\dropbox\programming for entertainment systems\soft351 - assignment02\release\aeroplane.obj
c:\users\tomha\dropbox\programming for entertainment systems\soft351 - assignment02\release\tutorial 09 - meshes using dxut helper classes.res
c:\users\tomha\dropbox\programming for entertainment systems\soft351 - assignment02\release\soft351 .d3d11100.tlog\cl.command.1.tlog
c:\users\tomha\dropbox\programming for entertainment systems\soft351 - assignment02\release\soft351 .d3d11100.tlog\cl.read.1.tlog
c:\users\tomha\dropbox\programming for entertainment systems\soft351 - assignment02\release\soft351 .d3d11100.tlog\cl.write.1.tlog
c:\users\tomha\dropbox\programming for entertainment systems\soft351 - assignment02\release\soft351 .d3d11100.tlog\link.command.1.tlog
c:\users\tomha\dropbox\programming for entertainment systems\soft351 - assignment02\release\soft351 .d3d11100.tlog\link.read.1.tlog
c:\users\tomha\dropbox\programming for entertainment systems\soft351 - assignment02\release\soft351 .d3d11100.tlog\link.write.1.tlog
c:\users\tomha\dropbox\programming for entertainment systems\soft351 - assignment02\release\soft351 .d3d11100.tlog\rc.command.1.tlog
c:\users\tomha\dropbox\programming for entertainment systems\soft351 - assignment02\release\soft351 .d3d11100.tlog\rc.read.1.tlog
c:\users\tomha\dropbox\programming for entertainment systems\soft351 - assignment02\release\soft351 .d3d11100.tlog\rc.write.1.tlog
